[17:21:40] Starting gsd-plan-phases for JOB-20260624141941-000106
[17:21:40] Worker dir: /home/deploy/squad/build-worker/JOB-20260624141941-000106
[17:21:40] Tech stack: Python, Desktop Application, API Integration, Natural Language Processing, Qt, PySide6, AWS Bedrock, boto3, PDF processing, python-docx
[17:21:41] WARNING: CONTEXT.md extraction failed — using empty context
[17:21:41] WARNING: researcher agent failed — falling back to tech-stack detection
[17:21:42]   Phase 1: planner returned empty, falling back to template
[17:21:42]   Phase 1: ✓ plan-checker passed
[17:21:42] Phase 1 (Project Overview): /home/deploy/squad/build-worker/JOB-20260624141941-000106/.planning/phases/1-project-overview/PLAN-01.md [715 chars] [has_files=False]
[17:21:42]   Phase 2: planner returned empty, falling back to template
[17:21:42]   Phase 2: ✓ plan-checker passed
[17:21:42] Phase 2 (Technical Stack): /home/deploy/squad/build-worker/JOB-20260624141941-000106/.planning/phases/2-technical-stack/PLAN-01.md [1529 chars] [has_files=True]
[17:21:43]   Phase 3: planner returned empty, falling back to template
[17:21:43]   Phase 3: ✓ plan-checker passed
[17:21:43] Phase 3 (Architecture): /home/deploy/squad/build-worker/JOB-20260624141941-000106/.planning/phases/3-architecture/PLAN-01.md [2599 chars] [has_files=True]
[17:21:43]   Phase 4: planner returned empty, falling back to template
[17:21:43]   Phase 4: ✓ plan-checker passed
[17:21:43] Phase 4 (Data Model): /home/deploy/squad/build-worker/JOB-20260624141941-000106/.planning/phases/4-data-model/PLAN-01.md [2433 chars] [has_files=True]
[17:21:44]   Phase 5: planner returned empty, falling back to template
[17:21:44]   Phase 5: ✓ plan-checker passed
[17:21:44] Phase 5 (Project Structure): /home/deploy/squad/build-worker/JOB-20260624141941-000106/.planning/phases/5-project-structure/PLAN-01.md [1255 chars] [has_files=True]
[17:21:44]   Phase 6: planner returned empty, falling back to template
[17:21:44]   Phase 6: ✓ plan-checker passed
[17:21:44] Phase 6 (Out-of-Scope): /home/deploy/squad/build-worker/JOB-20260624141941-000106/.planning/phases/6-out-of-scope/PLAN-01.md [701 chars] [has_files=False]
[17:21:45]   Phase 7: planner returned empty, falling back to template
[17:21:45]   Phase 7: ✓ plan-checker passed
[17:21:45] Phase 7 (UI/UX): /home/deploy/squad/build-worker/JOB-20260624141941-000106/.planning/phases/7-ui/ux/PLAN-01.md [465 chars] [has_files=False]
[17:21:45] DONE — PARTIAL
[17:22:19]   Phase 1: ✓ plan-checker passed
[17:22:19] Phase 1 (Project Overview): /home/deploy/squad/build-worker/JOB-20260624141941-000106/.planning/phases/1-project-overview/PLAN-01.md [32167 chars] [has_files=True]
[17:22:59]   Phase 2: ✓ plan-checker passed
[17:22:59] Phase 2 (Technical Stack): /home/deploy/squad/build-worker/JOB-20260624141941-000106/.planning/phases/2-technical-stack/PLAN-01.md [13905 chars] [has_files=True]
[17:24:47]   Phase 3: ✓ plan-checker passed
[17:24:47] Phase 3 (Architecture): /home/deploy/squad/build-worker/JOB-20260624141941-000106/.planning/phases/3-architecture/PLAN-01.md [33789 chars] [has_files=True]
